# JRE version: OpenJDK Runtime Environment (8.0_242-b01) (build 1.8.0_242-release-1644-b01)
# Java VM: OpenJDK 64-Bit Server VM (25.242-b01 mixed mode windows-amd64 compressed oops)
Heap:
 PSYoungGen      total 515584K, used 24530K [0x00000000d5580000, 0x0000000100000000, 0x0000000100000000)
  eden space 332288K, 7% used [0x00000000d5580000,0x00000000d6d749f0,0x00000000e9a00000)
  from space 183296K, 0% used [0x00000000e9a00000,0x00000000e9a00000,0x00000000f4d00000)
  to   space 180736K, 0% used [0x00000000f4f80000,0x00000000f4f80000,0x0000000100000000)
 ParOldGen       total 350208K, used 65170K [0x0000000080000000, 0x0000000095600000, 0x00000000d5580000)
  object space 350208K, 18% used [0x0000000080000000,0x0000000083fa4bb0,0x0000000095600000)
 Metaspace       used 94244K, capacity 100636K, committed 101080K, reserved 1136640K
  class space    used 12357K, capacity 13448K, committed 13568K, reserved 1048576K
GC Heap History (10 events):
Event: 2804.469 GC heap before
{Heap before GC invocations=35 (full 5):
 PSYoungGen      total 522240K, used 374934K [0x00000000d5580000, 0x0000000100000000, 0x0000000100000000)
  eden space 345600K, 99% used [0x00000000d5580000,0x00000000ea69a190,0x00000000ea700000)
  from space 176640K, 16% used [0x00000000ea700000,0x00000000ec40b7b8,0x00000000f5380000)
  to   space 171008K, 0% used [0x00000000f5900000,0x00000000f5900000,0x0000000100000000)
 ParOldGen       total 350208K, used 193502K [0x0000000080000000, 0x0000000095600000, 0x00000000d5580000)
  object space 350208K, 55% used [0x0000000080000000,0x000000008bcf7bc0,0x0000000095600000)
 Metaspace       used 94130K, capacity 100688K, committed 100824K, reserved 1136640K
  class space    used 12386K, capacity 13504K, committed 13568K, reserved 1048576K
Event: 2804.651 GC heap after
Heap after GC invocations=35 (full 5):
 PSYoungGen      total 507392K, used 117485K [0x00000000d5580000, 0x0000000100000000, 0x0000000100000000)
  eden space 336384K, 0% used [0x00000000d5580000,0x00000000d5580000,0x00000000e9e00000)
  from space 171008K, 68% used [0x00000000f5900000,0x00000000fcbbb510,0x0000000100000000)
  to   space 181248K, 0% used [0x00000000e9e00000,0x00000000e9e00000,0x00000000f4f00000)
 ParOldGen       total 350208K, used 193510K [0x0000000080000000, 0x0000000095600000, 0x00000000d5580000)
  object space 350208K, 55% used [0x0000000080000000,0x000000008bcf9bc0,0x0000000095600000)
 Metaspace       used 94130K, capacity 100688K, committed 100824K, reserved 1136640K
  class space    used 12386K, capacity 13504K, committed 13568K, reserved 1048576K
}
Event: 2876.235 GC heap before
{Heap before GC invocations=36 (full 5):
 PSYoungGen      total 507392K, used 453869K [0x00000000d5580000, 0x0000000100000000, 0x0000000100000000)
  eden space 336384K, 100% used [0x00000000d5580000,0x00000000e9e00000,0x00000000e9e00000)
  from space 171008K, 68% used [0x00000000f5900000,0x00000000fcbbb510,0x0000000100000000)
  to   space 181248K, 0% used [0x00000000e9e00000,0x00000000e9e00000,0x00000000f4f00000)
 ParOldGen       total 350208K, used 193510K [0x0000000080000000, 0x0000000095600000, 0x00000000d5580000)
  object space 350208K, 55% used [0x0000000080000000,0x000000008bcf9bc0,0x0000000095600000)
 Metaspace       used 94242K, capacity 100824K, committed 101080K, reserved 1136640K
  class space    used 12386K, capacity 13504K, committed 13568K, reserved 1048576K
Event: 2876.308 GC heap after
Heap after GC invocations=36 (full 5):
 PSYoungGen      total 517632K, used 20829K [0x00000000d5580000, 0x0000000100000000, 0x0000000100000000)
  eden space 336384K, 0% used [0x00000000d5580000,0x00000000d5580000,0x00000000e9e00000)
  from space 181248K, 11% used [0x00000000e9e00000,0x00000000eb2577b0,0x00000000f4f00000)
  to   space 177664K, 0% used [0x00000000f5280000,0x00000000f5280000,0x0000000100000000)
 ParOldGen       total 350208K, used 202632K [0x0000000080000000, 0x0000000095600000, 0x00000000d5580000)
  object space 350208K, 57% used [0x0000000080000000,0x000000008c5e2190,0x0000000095600000)
 Metaspace       used 94242K, capacity 100824K, committed 101080K, reserved 1136640K
  class space    used 12386K, capacity 13504K, committed 13568K, reserved 1048576K
}
Event: 2878.181 GC heap before
{Heap before GC invocations=37 (full 5):
 PSYoungGen      total 517632K, used 357189K [0x00000000d5580000, 0x0000000100000000, 0x0000000100000000)
  eden space 336384K, 99% used [0x00000000d5580000,0x00000000e9df9da0,0x00000000e9e00000)
  from space 181248K, 11% used [0x00000000e9e00000,0x00000000eb2577b0,0x00000000f4f00000)
  to   space 177664K, 0% used [0x00000000f5280000,0x00000000f5280000,0x0000000100000000)
 ParOldGen       total 350208K, used 202632K [0x0000000080000000, 0x0000000095600000, 0x00000000d5580000)
  object space 350208K, 57% used [0x0000000080000000,0x000000008c5e2190,0x0000000095600000)
 Metaspace       used 94356K, capacity 100896K, committed 101080K, reserved 1136640K
  class space    used 12386K, capacity 13504K, committed 13568K, reserved 1048576K
Event: 2878.355 GC heap after
Heap after GC invocations=37 (full 5):
 PSYoungGen      total 509952K, used 108839K [0x00000000d5580000, 0x0000000100000000, 0x0000000100000000)
  eden space 332288K, 0% used [0x00000000d5580000,0x00000000d5580000,0x00000000e9a00000)
  from space 177664K, 61% used [0x00000000f5280000,0x00000000fbcc9f08,0x0000000100000000)
  to   space 183296K, 0% used [0x00000000e9a00000,0x00000000e9a00000,0x00000000f4d00000)
 ParOldGen       total 350208K, used 202664K [0x0000000080000000, 0x0000000095600000, 0x00000000d5580000)
  object space 350208K, 57% used [0x0000000080000000,0x000000008c5ea190,0x0000000095600000)
 Metaspace       used 94356K, capacity 100896K, committed 101080K, reserved 1136640K
  class space    used 12386K, capacity 13504K, committed 13568K, reserved 1048576K
}
Event: 3883.622 GC heap before
{Heap before GC invocations=38 (full 5):
 PSYoungGen      total 509952K, used 324483K [0x00000000d5580000, 0x0000000100000000, 0x0000000100000000)
  eden space 332288K, 64% used [0x00000000d5580000,0x00000000e28170e8,0x00000000e9a00000)
  from space 177664K, 61% used [0x00000000f5280000,0x00000000fbcc9f08,0x0000000100000000)
  to   space 183296K, 0% used [0x00000000e9a00000,0x00000000e9a00000,0x00000000f4d00000)
 ParOldGen       total 350208K, used 202664K [0x0000000080000000, 0x0000000095600000, 0x00000000d5580000)
  object space 350208K, 57% used [0x0000000080000000,0x000000008c5ea190,0x0000000095600000)
 Metaspace       used 94378K, capacity 100896K, committed 101080K, reserved 1136640K
  class space    used 12386K, capacity 13504K, committed 13568K, reserved 1048576K
Event: 3883.651 GC heap after
Heap after GC invocations=38 (full 5):
 PSYoungGen      total 515584K, used 13325K [0x00000000d5580000, 0x0000000100000000, 0x0000000100000000)
  eden space 332288K, 0% used [0x00000000d5580000,0x00000000d5580000,0x00000000e9a00000)
  from space 183296K, 7% used [0x00000000e9a00000,0x00000000ea703798,0x00000000f4d00000)
  to   space 180736K, 0% used [0x00000000f4f80000,0x00000000f4f80000,0x0000000100000000)
 ParOldGen       total 350208K, used 202880K [0x0000000080000000, 0x0000000095600000, 0x00000000d5580000)
  object space 350208K, 57% used [0x0000000080000000,0x000000008c620190,0x0000000095600000)
 Metaspace       used 94378K, capacity 100896K, committed 101080K, reserved 1136640K
  class space    used 12386K, capacity 13504K, committed 13568K, reserved 1048576K
}
Event: 3883.651 GC heap before
{Heap before GC invocations=39 (full 6):
 PSYoungGen      total 515584K, used 13325K [0x00000000d5580000, 0x0000000100000000, 0x0000000100000000)
  eden space 332288K, 0% used [0x00000000d5580000,0x00000000d5580000,0x00000000e9a00000)
  from space 183296K, 7% used [0x00000000e9a00000,0x00000000ea703798,0x00000000f4d00000)
  to   space 180736K, 0% used [0x00000000f4f80000,0x00000000f4f80000,0x0000000100000000)
 ParOldGen       total 350208K, used 202880K [0x0000000080000000, 0x0000000095600000, 0x00000000d5580000)
  object space 350208K, 57% used [0x0000000080000000,0x000000008c620190,0x0000000095600000)
 Metaspace       used 94378K, capacity 100896K, committed 101080K, reserved 1136640K
  class space    used 12386K, capacity 13504K, committed 13568K, reserved 1048576K
Event: 3884.279 GC heap after
Heap after GC invocations=39 (full 6):
 PSYoungGen      total 515584K, used 0K [0x00000000d5580000, 0x0000000100000000, 0x0000000100000000)
  eden space 332288K, 0% used [0x00000000d5580000,0x00000000d5580000,0x00000000e9a00000)
  from space 183296K, 0% used [0x00000000e9a00000,0x00000000e9a00000,0x00000000f4d00000)
  to   space 180736K, 0% used [0x00000000f4f80000,0x00000000f4f80000,0x0000000100000000)
 ParOldGen       total 350208K, used 65170K [0x0000000080000000, 0x0000000095600000, 0x00000000d5580000)
  object space 350208K, 18% used [0x0000000080000000,0x0000000083fa4bb0,0x0000000095600000)
 Metaspace       used 94226K, capacity 100636K, committed 101080K, reserved 1136640K
  class space    used 12356K, capacity 13448K, committed 13568K, reserved 1048576K
}

